<?xml version="1.0" encoding="UTF-8"?>
<!-- Generated by org.testng.reporters.JUnitXMLReporter -->
<testsuite ignored="0" hostname="Tony" failures="0" tests="5" name="Test" time="0.098" errors="0" timestamp="2024-10-22T16:24:07 IST">
  <testcase classname="DataDrivenTest.ParallelMethodDemo" name="test1" time="0.025"/>
  <testcase classname="DataDrivenTest.ParallelMethodDemo" name="test2" time="0.027"/>
  <testcase classname="DataDrivenTest.ParallelMethodDemo" name="test3" time="0.024"/>
  <testcase classname="DataDrivenTest.ParallelMethodDemo" name="test4" time="0.002"/>
  <testcase classname="DataDrivenTest.ParallelMethodDemo" name="test5" time="0.002"/>
</testsuite> <!-- Test -->
